<?xml version="1.0" encoding="UTF-8"?>
<testsuite name="Cucumber" time="4.625" tests="1" skipped="0" failures="0" errors="0" timestamp="2025-09-10T05:51:09.937619Z">
<testcase classname="login feature" name="login with valid username and password" time="4.442">
<system-out><![CDATA[
Given user should be on parabank homepage...................................passed
When user enter the valid username "Rakesh313"..............................passed
And user enter the valid password "Password123".............................passed
And clicks on login button..................................................passed
Then user should login successfully.........................................passed
]]></system-out>
</testcase>
</testsuite>
