<?xml version="1.0" encoding="UTF-8"?>
<!-- Generated by org.testng.reporters.JUnitReportReporter -->
<testsuite hostname="MSI" failures="0" tests="1" name="Runner.SmokeRunner" time="9.328" errors="0" timestamp="2025-09-09T18:24:47 IST" skipped="0">
  <testcase classname="Runner.SmokeRunner" name="runScenario" time="9.328"/>
</testsuite> <!-- Runner.SmokeRunner -->
