<?xml version="1.0" encoding="UTF-8"?>
<!-- Generated by org.testng.reporters.JUnitReportReporter -->
<testsuite hostname="MSI" failures="0" tests="1" name="Runner.SmokeRunner" time="4.531" errors="0" timestamp="2025-09-10T11:21:14 IST" skipped="0">
  <testcase classname="Runner.SmokeRunner" name="runScenario" time="4.531"/>
</testsuite> <!-- Runner.SmokeRunner -->
